<?xml version="1.0" encoding="UTF-8"?>
<testng-results skipped="0" failed="0" ignored="0" total="1" passed="1">
  <reporter-output>
  </reporter-output>
  <suite name="Default suite" duration-ms="27417" started-at="2022-09-12T01:07:05 IST" finished-at="2022-09-12T01:07:33 IST">
    <groups>
    </groups>
    <test name="Default test" duration-ms="27417" started-at="2022-09-12T01:07:05 IST" finished-at="2022-09-12T01:07:33 IST">
      <class name="testcases.TC_logIn">
        <test-method status="PASS" signature="beforeSuite(org.testng.ITestContext)[pri:0, instance:testcases.TC_logIn@401e7803]" name="beforeSuite" is-config="true" duration-ms="176" started-at="2022-09-12T01:07:05 IST" finished-at="2022-09-12T01:07:05 IST">
          <params>
            <param index="0">
              <value>
                <![CDATA[org.testng.TestRunner@56a4479a]]>
              </value>
            </param>
          </params>
          <reporter-output>
          </reporter-output>
        </test-method> <!-- beforeSuite -->
        <test-method status="PASS" signature="beforeTest()[pri:0, instance:testcases.TC_logIn@401e7803]" name="beforeTest" is-config="true" duration-ms="2" started-at="2022-09-12T01:07:05 IST" finished-at="2022-09-12T01:07:05 IST">
          <reporter-output>
          </reporter-output>
        </test-method> <!-- beforeTest -->
        <test-method status="PASS" signature="beforeClass()[pri:0, instance:testcases.TC_logIn@401e7803]" name="beforeClass" is-config="true" duration-ms="4" started-at="2022-09-12T01:07:05 IST" finished-at="2022-09-12T01:07:05 IST">
          <reporter-output>
          </reporter-output>
        </test-method> <!-- beforeClass -->
        <test-method status="PASS" signature="beforeMethod(java.lang.reflect.Method)[pri:0, instance:testcases.TC_logIn@401e7803]" name="beforeMethod" is-config="true" duration-ms="10" started-at="2022-09-12T01:07:05 IST" finished-at="2022-09-12T01:07:05 IST">
          <params>
            <param index="0">
              <value>
                <![CDATA[public void testcases.TC_logIn.tc_login() throws java.lang.InterruptedException]]>
              </value>
            </param>
          </params>
          <reporter-output>
          </reporter-output>
        </test-method> <!-- beforeMethod -->
        <test-method status="PASS" signature="tc_login()[pri:0, instance:testcases.TC_logIn@401e7803]" name="tc_login" duration-ms="26696" started-at="2022-09-12T01:07:05 IST" finished-at="2022-09-12T01:07:32 IST">
          <reporter-output>
          </reporter-output>
        </test-method> <!-- tc_login -->
        <test-method status="PASS" signature="afterMethod(org.testng.ITestResult)[pri:0, instance:testcases.TC_logIn@401e7803]" name="afterMethod" is-config="true" duration-ms="444" started-at="2022-09-12T01:07:32 IST" finished-at="2022-09-12T01:07:32 IST">
          <params>
            <param index="0">
              <value>
                <![CDATA[[TestResult name=tc_login status=SUCCESS method=TC_logIn.tc_login()[pri:0, instance:testcases.TC_logIn@401e7803] output={null}]]]>
              </value>
            </param>
          </params>
          <reporter-output>
          </reporter-output>
        </test-method> <!-- afterMethod -->
        <test-method status="PASS" signature="afterTest()[pri:0, instance:testcases.TC_logIn@401e7803]" name="afterTest" is-config="true" duration-ms="228" started-at="2022-09-12T01:07:32 IST" finished-at="2022-09-12T01:07:33 IST">
          <reporter-output>
          </reporter-output>
        </test-method> <!-- afterTest -->
      </class> <!-- testcases.TC_logIn -->
    </test> <!-- Default test -->
  </suite> <!-- Default suite -->
</testng-results>
